[INFO] Scanning for projects...
[INFO]                                                                         
[INFO] ------------------------------------------------------------------------
[INFO] Building core.java.training 0.0.1-SNAPSHOT
[INFO] ------------------------------------------------------------------------
[INFO] 
[INFO] --- maven-clean-plugin:2.5:clean (default-clean) @ core.java.training ---
[INFO] Deleting /home/ramin/workspace/coreJava/target
[INFO] 
[INFO] --- maven-resources-plugin:2.6:resources (default-resources) @ core.java.training ---
[WARNING] Using platform encoding (UTF-8 actually) to copy filtered resources, i.e. build is platform dependent!
[INFO] skip non existing resourceDirectory /home/ramin/workspace/coreJava/src/coreJava/resources
[INFO] 
[INFO] --- maven-compiler-plugin:3.5.1:compile (default-compile) @ core.java.training ---
[INFO] Changes detected - recompiling the module!
[WARNING] File encoding has not been set, using platform encoding UTF-8, i.e. build is platform dependent!
[INFO] Compiling 59 source files to /home/ramin/workspace/coreJava/target/classes
****JavaDocProcessor****
[INFO] /home/ramin/workspace/coreJava/src/main/java/coreJava/LinkedList.java: Some input files use unchecked or unsafe operations.
[INFO] /home/ramin/workspace/coreJava/src/main/java/coreJava/LinkedList.java: Recompile with -Xlint:unchecked for details.
[INFO] 
[INFO] --- maven-resources-plugin:2.6:testResources (default-testResources) @ core.java.training ---
[WARNING] Using platform encoding (UTF-8 actually) to copy filtered resources, i.e. build is platform dependent!
[INFO] Copying 0 resource
[INFO] 
[INFO] --- maven-compiler-plugin:3.5.1:testCompile (default-testCompile) @ core.java.training ---
[INFO] Changes detected - recompiling the module!
[WARNING] File encoding has not been set, using platform encoding UTF-8, i.e. build is platform dependent!
[INFO] Compiling 28 source files to /home/ramin/workspace/coreJava/target/test-classes
[INFO] /home/ramin/workspace/coreJava/src/test/java/coreJava/BookinkSystemTest.java: /home/ramin/workspace/coreJava/src/test/java/coreJava/BookinkSystemTest.java uses unchecked or unsafe operations.
[INFO] /home/ramin/workspace/coreJava/src/test/java/coreJava/BookinkSystemTest.java: Recompile with -Xlint:unchecked for details.
[INFO] 
[INFO] --- maven-surefire-plugin:2.17:test (default-test) @ core.java.training ---
[INFO] Surefire report directory: /home/ramin/workspace/coreJava/target/surefire-reports

-------------------------------------------------------
 T E S T S
-------------------------------------------------------
Running coreJava.FahrenheitCelciusConverterTest
Tests run: 6, Failures: 0, Errors: 0, Skipped: 0, Time elapsed: 0.218 sec - in coreJava.FahrenheitCelciusConverterTest
Running coreJava.TransactionTest
Tests run: 1, Failures: 0, Errors: 0, Skipped: 0, Time elapsed: 0 sec - in coreJava.TransactionTest
Running coreJava.BookinkSystemTest
BookinkSystem Message: The times slot 06:00 has been booked.
BookinkSystem Message: The times slot 00:00 has been booked.
BookinkSystem Message: The times slot 23:00 has been booked.
BookinkSystem Message: The times slot 15:00 has been booked.
BookinkSystem Message: The times slot 16:00 has been booked.
BookinkSystem Message: Unable to book 15:00. That time slot is not available. Please choose a different booking time
BookinkSystem Message: The times slot 17:00 has been booked.
BookinkSystem Message: The times slot 15:00 has been booked.
BookinkSystem Message: The times slot 16:00 has been booked.
BookinkSystem Message: The times slot 15:00 has been booked.
BookinkSystem Message: The times slot 16:00 has been booked.
BookinkSystem Message: The times slot 17:00 has been booked.
BookinkSystem Message: The times slot 15:00 has been booked.
BookinkSystem Message: The times slot 14:00 has been booked.
BookinkSystem Message: The times slot 13:00 has been booked.
BookinkSystem Message: The times slot 23:00 has been booked.
BookinkSystem Message: The times slot 00:00 has been booked.
BookinkSystem Message: The times slot 16:00 has been booked.
BookinkSystem Message: The booking 06:30 was unsuccesful, you can only book regular whole hours. Please modify your booking time selection.
BookinkSystem Message: The booking 00:01 was unsuccesful, you can only book regular whole hours. Please modify your booking time selection.
BookinkSystem Message: The booking 23:59 was unsuccesful, you can only book regular whole hours. Please modify your booking time selection.
BookinkSystem Message: The times slot 15:00 has been booked.
BookinkSystem Message: The times slot 16:00 has been booked.
BookinkSystem Message: Unable to book 15:00. That time slot is not available. Please choose a different booking time
BookinkSystem Message: The times slot 17:00 has been booked.
Tests run: 48, Failures: 0, Errors: 0, Skipped: 1, Time elapsed: 1.829 sec - in coreJava.BookinkSystemTest
Running coreJava.HelloTest
Tests run: 2, Failures: 0, Errors: 0, Skipped: 0, Time elapsed: 0.094 sec - in coreJava.HelloTest
Running coreJava.RaceResultsServiceTest
Tests run: 11, Failures: 0, Errors: 0, Skipped: 0, Time elapsed: 0.101 sec - in coreJava.RaceResultsServiceTest
Running coreJava.AtomicIdGeneratorTest
Constructor
0
Constructor
Constructor
Constructor
Tests run: 4, Failures: 0, Errors: 0, Skipped: 0, Time elapsed: 0.521 sec - in coreJava.AtomicIdGeneratorTest
Running coreJava.CarSearchTest
Tests run: 2, Failures: 0, Errors: 0, Skipped: 0, Time elapsed: 0.045 sec - in coreJava.CarSearchTest
Running coreJava.CarTest
Tests run: 4, Failures: 0, Errors: 0, Skipped: 0, Time elapsed: 0.003 sec - in coreJava.CarTest
Running coreJava.RootTest
Tests run: 100, Failures: 0, Errors: 0, Skipped: 1, Time elapsed: 0.37 sec - in coreJava.RootTest
Running coreJava.FixtureTest
beforeClass
beforetest
method A
afterTest
beforetest
method B
afterTest
afterClass
Tests run: 2, Failures: 0, Errors: 0, Skipped: 0, Time elapsed: 0 sec - in coreJava.FixtureTest
Running coreJava.UserListTest
Mock for User, hashCode: 69673470 :true
Mock for User, hashCode: 1082411691 :false
Mock for User, hashCode: 527211736 :false
Tests run: 7, Failures: 0, Errors: 0, Skipped: 0, Time elapsed: 0.01 sec - in coreJava.UserListTest
Running coreJava.OperatingSystemTest
Tests run: 1, Failures: 0, Errors: 0, Skipped: 0, Time elapsed: 0.003 sec - in coreJava.OperatingSystemTest
Running coreJava.MailClientTest
Tests run: 6, Failures: 0, Errors: 0, Skipped: 0, Time elapsed: 1.72 sec - in coreJava.MailClientTest
Running coreJava.TimeProviderCaliforniaTest
Tests run: 23, Failures: 0, Errors: 0, Skipped: 0, Time elapsed: 0.129 sec - in coreJava.TimeProviderCaliforniaTest
Running coreJava.UserServiceImplTest
Tests run: 1, Failures: 0, Errors: 0, Skipped: 0, Time elapsed: 0.013 sec - in coreJava.UserServiceImplTest
Running coreJava.TowersTest
Peg ID: 0 ==> [1, 2, 3, 4, 5]
Peg ID: 0 ==> [1, 2, 3, 4, 5]
Peg ID: 1 ==> []
Peg ID: 1 ==> [1]
Peg ID: 2 ==> [2]
Peg ID: 2 ==> [1, 2]
Peg ID: 1 ==> [3]
Peg ID: 0 ==> [1, 4, 5]
Peg ID: 1 ==> [2, 3]
Peg ID: 1 ==> [1, 2, 3]
Peg ID: 2 ==> [4]
Peg ID: 2 ==> [1, 4]
Peg ID: 0 ==> [2, 5]
Peg ID: 0 ==> [1, 2, 5]
Peg ID: 2 ==> [3, 4]
Peg ID: 1 ==> [1]
Peg ID: 2 ==> [2, 3, 4]
Peg ID: 2 ==> [1, 2, 3, 4]
Peg ID: 1 ==> [5]
Peg ID: 0 ==> [1]
Peg ID: 1 ==> [2, 5]
Peg ID: 1 ==> [1, 2, 5]
Peg ID: 0 ==> [3]
Peg ID: 2 ==> [1, 4]
Peg ID: 0 ==> [2, 3]
Peg ID: 0 ==> [1, 2, 3]
Peg ID: 1 ==> [4, 5]
Peg ID: 1 ==> [1, 4, 5]
Peg ID: 2 ==> [2]
Peg ID: 2 ==> [1, 2]
Peg ID: 1 ==> [3, 4, 5]
Peg ID: 0 ==> [1]
Peg ID: 1 ==> [2, 3, 4, 5]
Peg ID: 1 ==> [1, 2, 3, 4, 5]
Peg ID: 1 ==> [1, 2, 3, 4, 5]
Peg ID: 0 ==> []
Tests run: 8, Failures: 0, Errors: 0, Skipped: 0, Time elapsed: 0.069 sec - in coreJava.TowersTest
Running coreJava.HelpDeskTest
Tests run: 28, Failures: 0, Errors: 0, Skipped: 0, Time elapsed: 0.034 sec - in coreJava.HelpDeskTest
Running coreJava.StackTest
Tests run: 13, Failures: 0, Errors: 0, Skipped: 0, Time elapsed: 0.002 sec - in coreJava.StackTest
OK	.constructorShouldBuildTransactions                                         	0:1:1000
OK	.constructorShouldCreateAStackWithInitialCapacity                           	0:0:0
OK	.constructorShouldCreateStackWithDesiredCapacity                            	0:1:1000
OK	.f                                                                          	0:0:0
OK	.f                                                                          	0:11:11000
OK	.f1                                                                         	0:0:0
OK	.f2                                                                         	0:0:0
OK	.shouldBeAbleToPeekTopOfStack                                               	0:0:0
OK	.shouldBeAbleToPpoItemOnTopOfStack                                          	0:0:0
OK	.shouldBeAbleToPushItemOnTopOfStack                                         	0:0:0
OK	.shouldConvertCelciusToFahrenheit                                           	0:0:0
OK	.shouldConvertCelciusToFahrenheit                                           	0:0:0
OK	.shouldConvertCelciusToFahrenheit                                           	0:1:1000
OK	.shouldConvertFahrenheitToCelcius                                           	0:75:75000
OK	.shouldConvertFahrenheitToCelcius                                           	0:0:0
OK	.shouldConvertFahrenheitToCelcius                                           	0:1:1000
OK	.shouldOnlyreturnRedFerrariWithMoreThan6Cylinders                           	0:19:19000
OK	.shouldOnlyreturnRedFerrariWithMoreThan6Cylinders2                          	0:25:25000
OK	.shouldReturnCorrectSizeAfterPoping                                         	0:0:0
OK	.shouldReturnCorrectSizeAfterPushing                                        	0:0:0
OK	.shouldReturnFalseForNonSportsCar                                           	0:1:1000
OK	.shouldReturnFalseForNonSportsCar                                           	0:0:0
OK	.shouldReturnFalseForNonSportsCar                                           	0:1:1000
OK	.shouldReturnIndexOfSearchedItem                                            	0:0:0
OK	.shouldReturnNegativeOneForItemsNotFound                                    	0:0:0
OK	.shouldReturnTrueForEmptyStack                                              	0:0:0
OK	.shouldReturnTrueForSportsCar                                               	0:1:1000
OK	.shouldReturnZeroSizeForEmptyStack                                          	0:0:0
OK	.shouleThrowEmptyStackExceptionWhenPeekingEmptyStack                        	0:0:0
OK	.shouleThrowEmptyStackExceptionWhenPoppingEmptyStack                        	0:0:0
OK	.test                                                                       	0:1:1000
OK	.testAddUser                                                                	0:1:1000
OK	.testAddUser                                                                	0:0:0
OK	.testAddUser                                                                	0:0:0
OK	.testAddUser                                                                	0:0:0
OK	.testAddUser2                                                               	0:0:0
OK	.testAddUser2                                                               	0:0:0
OK	.testAddUser2                                                               	0:0:0
OK	.testAllExistingClassroomsAreUnique                                         	0:0:0
OK	.testAtomicIdIsUnique                                                       	0:552:552000
OK	.testBinarySearch                                                           	0:60:60000
OK	.testBookingAfterDoubleBookingRejection                                     	0:1:1000
OK	.testBookingCalendar                                                        	0:3:3000
OK	.testBookingClassRoomById                                                   	0:3:3000
OK	.testBookingOfClassRoomWithNoEquipments                                     	0:1:1000
OK	.testBookingOfDifferentClassRoomWithRecurringAppointments                   	0:3:3000
OK	.testBookingOfDifferentClassRoomWithRecurringAppointments                   	0:1:1000
OK	.testBookingOfNonExistinClassroom                                           	0:0:0
OK	.testBookingOfSameClassRoomWithRecurringAppointments                        	0:2:2000
OK	.testBookingOfSameClassRoomWithRecurringAppointments                        	0:1:1000
OK	.testBookingSystemSupportLogging                                            	0:315:315000
OK	.testBookingWithInvalidTime                                                 	0:0:0
OK	.testBookingWithInvalidTime                                                 	0:0:0
OK	.testBookingWithInvalidTime                                                 	0:0:0
OK	.testBookingWithValidTime                                                   	0:0:0
OK	.testBookingWithValidTime                                                   	0:6:6000
OK	.testBookingWithValidTime                                                   	0:1:1000
OK	.testCapture                                                                	1:1030:1030000
OK	.testClassroomCleaningHours                                                 	0:2:2000
OK	.testClassroomIdName                                                        	0:1:1000
OK	.testClientSubscribesToAllCategoriesAfterSingleCategorySubscription         	0:4:4000
OK	.testClientThatUnsubscribesDoesNoLongerReceiveMessages                      	0:2:2000
OK	.testDoubleBookingRejection                                                 	0:1:1000
OK	.testEqualityOfClassRoom                                                    	0:0:0
OK	.testEqualityOfRecurringAppointment                                         	0:0:0
OK	.testEqualityOfRecurringAppointment                                         	0:0:0
OK	.testEqualityOfRecurringAppointment                                         	0:0:0
OK	.testEqualityOfRecurringAppointment                                         	0:0:0
OK	.testEqualityOfRecurringAppointment                                         	0:0:0
OK	.testFindFreePeg                                                            	0:0:0
OK	.testFindFreePeg                                                            	0:0:0
OK	.testFindFreePeg                                                            	0:0:0
OK	.testFindFreePeg                                                            	0:1:1000
OK	.testFindFreePeg                                                            	0:0:0
OK	.testFindFreePeg                                                            	0:0:0
OK	.testGetBookedHours                                                         	0:1:1000
OK	.testGetBookedHours                                                         	0:0:0
OK	.testGetBookedHours                                                         	0:5:5000
OK	.testIdIsUnique                                                             	0:0:0
OK	.testInitOfBookingCalendars                                                 	0:3:3000
OK	.testInitOfRecurringAppointmentsInCalendar                                  	0:1:1000
OK	.testInsertionSort                                                          	0:3:3000
OK	.testInteractionOfBookingClassroomById                                      	0:412:412000
OK	.testInteractionWithSpy                                                     	0:83:83000
OK	.testInteractionWithSubclassAndOveridePattern                               	0:29:29000
OK	.testIsItMorning                                                            	0:121:121000
OK	.testIsItMorning                                                            	0:0:0
OK	.testIsItMorning                                                            	0:0:0
OK	.testIsItMorning                                                            	0:1:1000
OK	.testIsItMorning                                                            	0:0:0
OK	.testIsItMorning                                                            	0:0:0
OK	.testIsItMorning                                                            	0:0:0
OK	.testIsItMorning                                                            	0:0:0
OK	.testIsItMorning                                                            	0:0:0
OK	.testIsItMorning                                                            	0:1:1000
OK	.testIsItMorning                                                            	0:0:0
OK	.testIsNotMorning                                                           	0:0:0
OK	.testIsNotMorning                                                           	0:1:1000
OK	.testIsNotMorning                                                           	0:0:0
OK	.testIsNotMorning                                                           	0:0:0
OK	.testIsNotMorning                                                           	0:1:1000
OK	.testIsNotMorning                                                           	0:0:0
OK	.testIsNotMorning                                                           	0:1:1000
OK	.testIsNotMorning                                                           	0:0:0
OK	.testIsNotMorning                                                           	0:0:0
OK	.testIsNotMorning                                                           	0:1:1000
OK	.testIsNotMorning                                                           	0:0:0
OK	.testIsNotMorning                                                           	0:0:0
OK	.testJunitAndMockito_ch3Q2_Reversed                                         	0:0:0
OK	.testJunitAndMockito_ch3Q2_Reversed                                         	0:0:0
OK	.testJunitAndMockito_ch3Q2_Reversed                                         	0:1:1000
OK	.testJunitAndMockito_ch3Q2_Reversed                                         	0:0:0
OK	.testJunitAndMockito_ch3Q2_Reversed                                         	0:0:0
OK	.testJunitAndMockito_ch3Q2_Reversed                                         	0:0:0
OK	.testJunitAndMockito_ch3Q2_Reversed                                         	0:0:0
OK	.testJunitAndMockito_ch3Q2_Reversed                                         	0:0:0
OK	.testJunitAndMockito_ch3Q2_Reversed                                         	0:0:0
OK	.testJunitAndMockito_ch3Q2_Reversed                                         	0:0:0
OK	.testJunitAndMockito_ch3Q2_Reversed                                         	0:0:0
OK	.testJunitAndMockito_ch3Q2_Reversed                                         	0:1:1000
OK	.testJunitAndMockito_ch3Q2_Reversed                                         	0:0:0
OK	.testJunitAndMockito_ch3Q2_Reversed                                         	0:0:0
OK	.testJunitAndMockito_ch3Q2_Reversed                                         	0:0:0
OK	.testJunitAndMockito_ch3Q2_Reversed                                         	0:0:0
OK	.testJunitAndMockito_ch3Q2_Reversed                                         	0:3:3000
OK	.testJunitAndMockito_ch3Q2_Reversed                                         	0:0:0
OK	.testJunitAndMockito_ch3Q2_Reversed                                         	0:0:0
OK	.testJunitAndMockito_ch3Q2_invalidInput                                     	0:1:1000
OK	.testJunitAndMockito_ch3Q2_invalidInput                                     	0:0:0
OK	.testJunitAndMockito_ch3Q2_invalidInput                                     	0:0:0
OK	.testJunitAndMockito_ch3Q2_invalidInput                                     	0:0:0
OK	.testJunitAndMockito_ch3Q2_invalidInput                                     	0:0:0
OK	.testJunitAndMockito_ch3Q2_invalidInput                                     	0:0:0
OK	.testJunitAndMockito_ch3Q2_invalidInput                                     	0:1:1000
OK	.testJunitAndMockito_ch3Q2_invalidInput                                     	0:0:0
OK	.testJunitAndMockito_ch3Q2_invalidInput                                     	0:0:0
OK	.testJunitAndMockito_ch3Q2_invalidInput                                     	0:0:0
OK	.testJunitAndMockito_ch3Q2_nullWord                                         	0:0:0
OK	.testJunitAndMockito_ch3Q3_Clear                                            	0:0:0
OK	.testJunitAndMockito_ch3Q3_PutAndGet                                        	0:0:0
OK	.testJunitAndMockito_ch3Q3_PutAndGet                                        	0:0:0
OK	.testJunitAndMockito_ch3Q3_PutAndGet                                        	0:0:0
OK	.testJunitAndMockito_ch3Q3_PutAndGet                                        	0:0:0
OK	.testJunitAndMockito_ch3Q3_PutAndGet                                        	0:1:1000
OK	.testJunitAndMockito_ch3Q3_PutAndGet                                        	0:0:0
OK	.testJunitAndMockito_ch3Q3_PutAndGet                                        	0:0:0
OK	.testJunitAndMockito_ch3Q3_PutAndGet                                        	0:6:6000
OK	.testJunitAndMockito_ch3Q3_PutAndGet                                        	0:0:0
OK	.testJunitAndMockito_ch3Q3_PutAndGet                                        	0:0:0
OK	.testJunitAndMockito_ch3Q3_PutAndGet                                        	0:0:0
OK	.testJunitAndMockito_ch4Q1Test_pwdValidationShouldThrowExceptionForNullInputs	0:0:0
OK	.testJunitAndMockito_ch4Q1_pwdDigits_lessThan_minDigitsAllowed              	0:0:0
OK	.testJunitAndMockito_ch4Q1_pwdDigits_lessThan_minDigitsAllowed              	0:0:0
OK	.testJunitAndMockito_ch4Q1_pwdDigits_lessThan_minDigitsAllowed              	0:0:0
OK	.testJunitAndMockito_ch4Q1_pwdLength_lessThan_minLength                     	0:0:0
OK	.testJunitAndMockito_ch4Q1_pwdLength_lessThan_minLength                     	0:1:1000
OK	.testJunitAndMockito_ch4Q1_pwdLength_lessThan_minLength                     	0:0:0
OK	.testJunitAndMockito_ch4Q1_pwdLength_lessThan_minLength                     	0:0:0
OK	.testJunitAndMockito_ch4Q1_pwdLength_lessThan_minLength                     	0:0:0
OK	.testJunitAndMockito_ch4Q1_pwdLength_lessThan_minLength                     	0:0:0
OK	.testJunitAndMockito_ch4Q1_pwd_DoesNotContainHash                           	0:0:0
OK	.testJunitAndMockito_ch4Q1_pwd_DoesNotContainHash                           	0:0:0
OK	.testJunitAndMockito_ch4Q1_pwd_DoesNotContainInderscore                     	0:0:0
OK	.testJunitAndMockito_ch4Q1_pwd_DoesNotContainInderscore                     	0:1:1000
OK	.testJunitAndMockito_ch4Q1_pwd_DoesNotContainMixtureLowerAndCapital         	0:0:0
OK	.testJunitAndMockito_ch4Q1_pwd_DoesNotContainMixtureLowerAndCapital         	0:0:0
OK	.testJunitAndMockito_ch4Q1_pwd_DoesNotContainMixtureLowerAndCapital         	0:0:0
OK	.testJunitAndMockito_ch4Q1_validPaswords                                    	0:4:4000
OK	.testJunitAndMockito_ch4Q1_validPaswords                                    	0:0:0
OK	.testJunitAndMockito_ch4Q1_validPaswords                                    	0:0:0
OK	.testJunitAndMockito_ch4Q1_validPaswords                                    	0:0:0
OK	.testJunitAndMockito_ch4Q2_getNumberTesCase1                                	0:0:0
OK	.testJunitAndMockito_ch4Q2_getNumberTesCase1                                	0:0:0
OK	.testJunitAndMockito_ch4Q2_getNumberTesCase1                                	0:1:1000
OK	.testJunitAndMockito_ch4Q2_getNumberTesCase1                                	0:0:0
OK	.testJunitAndMockito_ch4Q2_getNumberTesCase1                                	0:0:0
OK	.testJunitAndMockito_ch4Q2_getNumberTesCase1                                	0:2:2000
OK	.testJunitAndMockito_ch4Q2_getNumberTesCase1                                	0:0:0
OK	.testJunitAndMockito_ch4Q2_getNumberTesCase1                                	0:0:0
OK	.testJunitAndMockito_ch4Q2_getNumberTesCase1                                	0:1:1000
OK	.testJunitAndMockito_ch4Q2_getNumberTesCase1                                	0:2:2000
OK	.testJunitAndMockito_ch4Q2_getNumberTesCase2                                	0:0:0
OK	.testJunitAndMockito_ch4Q2_getNumberTesCase2                                	0:0:0
OK	.testJunitAndMockito_ch4Q2_getNumberTesCase2                                	0:0:0
OK	.testJunitAndMockito_ch4Q2_getNumberTesCase2                                	0:0:0
OK	.testJunitAndMockito_ch4Q2_getNumberTesCase2                                	0:0:0
OK	.testJunitAndMockito_ch4Q2_getNumberTesCase2                                	0:0:0
OK	.testJunitAndMockito_ch4Q2_getNumberTesCase2                                	0:0:0
OK	.testJunitAndMockito_ch4Q2_getNumberTesCase2                                	0:0:0
OK	.testJunitAndMockito_ch4Q2_getNumberTesCase2                                	0:0:0
OK	.testJunitAndMockito_ch4Q2_getNumberTesCase2                                	0:1:1000
OK	.testJunitAndMockito_ch4Q2_getNumberTesCase2                                	0:0:0
OK	.testJunitAndMockito_ch4Q2_getNumberTesCase2                                	0:0:0
OK	.testJunitAndMockito_ch4Q2_getNumberTesCase2                                	0:0:0
OK	.testJunitAndMockito_ch4Q2_getNumberTesCase2                                	0:0:0
OK	.testJunitAndMockito_ch4Q2_getNumberTesCase2                                	0:0:0
OK	.testJunitAndMockito_ch4Q2_getNumberTesCase2                                	0:1:1000
OK	.testJunitAndMockito_ch4Q2_getNumberTesCase2                                	0:0:0
OK	.testJunitAndMockito_ch4Q2_getNumberTesCase2                                	0:1:1000
OK	.testListAvaialbleClassRoomsforGivenDayAndHour                              	0:3:3000
OK	.testListAvaialbleClassRoomsforGivenDayAndHour                              	0:2:2000
OK	.testListAvaialbleClassRoomsforGivenDayAndHour                              	0:5:5000
OK	.testLogging                                                                	0:1:1000
OK	.testMergeSort                                                              	0:27:27000
OK	.testMethodA                                                                	0:0:0
OK	.testMethodB                                                                	0:0:0
OK	.testMultipleClientCategorySubscription                                     	0:2:2000
OK	.testMultipleSubscribedClientsReceiveMessage                                	0:4:4000
OK	.testMultipleSubscriptionFromSameClientDoesNotSendMultipleMessages          	0:1:1000
OK	.testMultipleUnsubscription                                                 	0:0:0
OK	.testNaturalOrderingOfRecurringAppointment                                  	0:0:0
OK	.testNaturalOrderingOfRecurringAppointment                                  	0:1:1000
OK	.testNaturalOrderingOfRecurringAppointment                                  	0:0:0
OK	.testNaturalOrderingOfRecurringAppointment                                  	0:0:0
OK	.testNaturalOrderingOfRecurringAppointment                                  	0:0:0
OK	.testNaturalOrderingOfRecurringAppointment                                  	0:0:0
OK	.testNaturalOrderingOfRecurringAppointment                                  	0:0:0
OK	.testNaturalOrderingOfRecurringAppointment                                  	0:0:0
OK	.testNaturalOrderingOfRecurringAppointment                                  	0:0:0
OK	.testPeek                                                                   	0:4:4000
OK	.testPlay                                                                   	0:61:61000
OK	.testQuickSort                                                              	0:3:3000
OK	.testRecurringAppointmentConstructors                                       	0:1:1000
OK	.testRedesign                                                               	0:1:1000
OK	.testSayGoodAfternoon                                                       	0:1:1000
OK	.testSayGoodMorning                                                         	0:96:96000
OK	.testSelectionSort                                                          	0:83:83000
OK	.testSettingPassword                                                        	0:13:13000
OK	.testSingleClientReceivingMessageFromSubscibedCategory                      	0:2:2000
OK	.testSingleSubscribedClientReceivesMessage                                  	0:2:2000
OK	.testSize                                                                   	0:2:2000
OK	.testStateWithSubclassAndOveridePattern                                     	0:1:1000
OK	.testTotalGeneratedClassrooms                                               	0:0:0
OK	.testUnavailableBooking                                                     	0:82:82000
OK	.testUnsubscribedClientDoNotReceiveAnyMessage                               	0:0:0
OK	.testUnsubscription                                                         	0:23:23000
OK	.testWillHandleIssue                                                        	0:19:19000
OK	.testWillHandleIssue                                                        	0:0:0
OK	.testWillHandleIssue                                                        	0:1:1000
OK	.testWillHandleIssue                                                        	0:0:0
OK	.testWillHandleIssue                                                        	0:1:1000
OK	.testWillHandleIssue                                                        	0:0:0
OK	.testWillHandleIssue                                                        	0:1:1000
OK	.testWillHandleIssue                                                        	0:0:0
OK	.testWillHandleIssue                                                        	0:0:0
OK	.testWillHandleIssue                                                        	0:1:1000
OK	.testWillHandleIssue                                                        	0:0:0
OK	.testWillHandleIssue                                                        	0:1:1000
OK	.testWillHandleIssue                                                        	0:0:0
OK	.testWillHandleIssue                                                        	0:1:1000
OK	.testWillHandleIssue                                                        	0:1:1000
OK	.testWillHandleIssue                                                        	0:0:0
OK	.testWillHandleIssue                                                        	0:0:0
OK	.testWillHandleIssue                                                        	0:0:0
OK	.testWillHandleIssue                                                        	0:0:0
OK	.testWillHandleIssue                                                        	0:1:1000
OK	.testWillHandleIssue                                                        	0:0:0
OK	.testWillHandleIssue                                                        	0:0:0
OK	.testWillHandleIssue                                                        	0:1:1000
OK	.testWillHandleIssue                                                        	0:0:0
OK	.testWillHandleIssue                                                        	0:1:1000
OK	.testWillHandleIssue                                                        	0:0:0
OK	.testWillHandleIssue                                                        	0:1:1000
OK	.testWillHandleIssue                                                        	0:0:0
OK	.testWithPowerMock                                                          	0:77:77000

Results :

Tests run: 267, Failures: 0, Errors: 0, Skipped: 2

[INFO] 
[INFO] --- maven-jar-plugin:3.1.0:jar (default-jar) @ core.java.training ---
[INFO] Building jar: /home/ramin/workspace/coreJava/target/core.java.training-0.0.1-SNAPSHOT.jar
[INFO] 
[INFO] --- maven-assembly-plugin:3.1.0:single (default) @ core.java.training ---
[INFO] Building jar: /home/ramin/workspace/coreJava/target/core.java.training-0.0.1-SNAPSHOT-jar-with-dependencies.jar
[INFO] 
[INFO] --- maven-install-plugin:2.5.2:install (default-install) @ core.java.training ---
[INFO] Installing /home/ramin/workspace/coreJava/target/core.java.training-0.0.1-SNAPSHOT.jar to /home/ramin/.m2/repository/core/java/core.java.training/0.0.1-SNAPSHOT/core.java.training-0.0.1-SNAPSHOT.jar
[INFO] Installing /home/ramin/workspace/coreJava/pom.xml to /home/ramin/.m2/repository/core/java/core.java.training/0.0.1-SNAPSHOT/core.java.training-0.0.1-SNAPSHOT.pom
[INFO] Installing /home/ramin/workspace/coreJava/target/core.java.training-0.0.1-SNAPSHOT-jar-with-dependencies.jar to /home/ramin/.m2/repository/core/java/core.java.training/0.0.1-SNAPSHOT/core.java.training-0.0.1-SNAPSHOT-jar-with-dependencies.jar
[INFO] ------------------------------------------------------------------------
[INFO] BUILD SUCCESS
[INFO] ------------------------------------------------------------------------
[INFO] Total time: 27.484 s
[INFO] Finished at: 2018-08-21T14:29:40-04:00
[INFO] Final Memory: 67M/553M
[INFO] ------------------------------------------------------------------------
